#
# There is insufficient memory for the Java Runtime Environment to continue.
# Native memory allocation (malloc) failed to allocate 1498256 bytes for Chunk::new
# Possible reasons:
#   The system is out of physical RAM or swap space
#   The process is running with CompressedOops enabled, and the Java Heap may be blocking the growth of the native heap
# Possible solutions:
#   Reduce memory load on the system
#   Increase physical memory or swap space
#   Check if swap backing store is full
#   Decrease Java heap size (-Xmx/-Xms)
#   Decrease number of Java threads
#   Decrease Java thread stack sizes (-Xss)
#   Set larger code cache with -XX:ReservedCodeCacheSize=
#   JVM is running with Unscaled Compressed Oops mode in which the Java heap is
#     placed in the first 4GB address space. The Java Heap base address is the
#     maximum limit for the native heap growth. Please use -XX:HeapBaseMinAddress
#     to set the Java Heap base and to place the Java Heap above 4GB virtual address.
# This output file may be truncated or incomplete.
#
#  Out of Memory Error (allocation.cpp:389), pid=5084, tid=0x000000000000378c
#
# JRE version: OpenJDK Runtime Environment (8.0_242-b01) (build 1.8.0_242-release-1644-b01)
# Java VM: OpenJDK 64-Bit Server VM (25.242-b01 mixed mode windows-amd64 compressed oops)
# Failed to write core dump. Minidumps are not enabled by default on client versions of Windows
#

---------------  T H R E A D  ---------------

Current thread (0x000000001712c000):  JavaThread "C2 CompilerThread1" daemon [_thread_in_native, id=14220, stack(0x0000000018880000,0x0000000018980000)]

Stack: [0x0000000018880000,0x0000000018980000]
[error occurred during error reporting (printing stack bounds), id 0xc0000005]

Native frames: (J=compiled Java code, j=interpreted, Vv=VM code, C=native code)


Current CompileTask:
C2: 177852 16671   !   4       org.gradle.cache.internal.DefaultFileLockManager$DefaultFileLock::doWriteAction (66 bytes)


---------------  P R O C E S S  ---------------

Java Threads: ( => current thread )
  0x0000000018e17000 JavaThread "Cache worker for execution history cache (E:\NewsApp\.gradle\6.5\executionHistory)" [_thread_blocked, id=1508, stack(0x00000000298d0000,0x00000000299d0000)]
  0x0000000018e1b800 JavaThread "Execution worker for ':' Thread 3" [_thread_blocked, id=6956, stack(0x00000000297d0000,0x00000000298d0000)]
  0x0000000018e1b000 JavaThread "Execution worker for ':' Thread 2" [_thread_blocked, id=15740, stack(0x00000000296d0000,0x00000000297d0000)]
  0x0000000018e18800 JavaThread "Execution worker for ':'" [_thread_in_Java, id=13296, stack(0x00000000291d0000,0x00000000292d0000)]
  0x0000000018e1a000 JavaThread "Cache worker for file content cache (E:\NewsApp\.gradle\6.5\fileContent)" [_thread_blocked, id=15748, stack(0x0000000027fc0000,0x00000000280c0000)]
  0x0000000018e19800 JavaThread "Cache worker for Build Output Cleanup Cache (E:\NewsApp\.gradle\buildOutputCleanup)" [_thread_blocked, id=9468, stack(0x0000000027cc0000,0x0000000027dc0000)]
  0x000000001e5cf800 JavaThread "jar transforms Thread 188" [_thread_blocked, id=7816, stack(0x0000000027bc0000,0x0000000027cc0000)]
  0x000000001e5ce800 JavaThread "jar transforms Thread 187" [_thread_blocked, id=16436, stack(0x0000000027ac0000,0x0000000027bc0000)]
  0x000000001e5ce000 JavaThread "jar transforms Thread 186" [_thread_blocked, id=18016, stack(0x00000000279c0000,0x0000000027ac0000)]
  0x000000001e5cd000 JavaThread "jar transforms Thread 185" [_thread_blocked, id=5832, stack(0x00000000278c0000,0x00000000279c0000)]
  0x000000001e5cc800 JavaThread "jar transforms Thread 184" [_thread_blocked, id=17440, stack(0x00000000277c0000,0x00000000278c0000)]
  0x000000001e5cb800 JavaThread "jar transforms Thread 183" [_thread_blocked, id=728, stack(0x00000000276c0000,0x00000000277c0000)]
  0x000000001e5c4000 JavaThread "jar transforms Thread 182" [_thread_blocked, id=10044, stack(0x00000000275c0000,0x00000000276c0000)]
  0x000000001e5cb000 JavaThread "jar transforms Thread 181" [_thread_blocked, id=11520, stack(0x00000000274c0000,0x00000000275c0000)]
  0x000000001e5ca000 JavaThread "jar transforms Thread 180" [_thread_blocked, id=18120, stack(0x00000000273c0000,0x00000000274c0000)]
  0x000000001e5c2800 JavaThread "jar transforms Thread 179" [_thread_blocked, id=13568, stack(0x00000000272c0000,0x00000000273c0000)]
  0x000000001e5c9800 JavaThread "jar transforms Thread 178" [_thread_blocked, id=16304, stack(0x00000000271c0000,0x00000000272c0000)]
  0x000000001e5c8800 JavaThread "jar transforms Thread 177" [_thread_blocked, id=17976, stack(0x00000000270c0000,0x00000000271c0000)]
  0x000000001e5c8000 JavaThread "jar transforms Thread 176" [_thread_blocked, id=14936, stack(0x0000000026fc0000,0x00000000270c0000)]
  0x000000001e5c0800 JavaThread "jar transforms Thread 175" [_thread_blocked, id=17444, stack(0x0000000026ec0000,0x0000000026fc0000)]
  0x000000001e5c2000 JavaThread "jar transforms Thread 174" [_thread_blocked, id=8640, stack(0x0000000026dc0000,0x0000000026ec0000)]
  0x000000001e5c3800 JavaThread "jar transforms Thread 173" [_thread_blocked, id=2480, stack(0x0000000026cc0000,0x0000000026dc0000)]
  0x000000001e5c5800 JavaThread "jar transforms Thread 172" [_thread_blocked, id=15396, stack(0x0000000026bc0000,0x0000000026cc0000)]
  0x000000001e5c1000 JavaThread "jar transforms Thread 171" [_thread_blocked, id=12184, stack(0x0000000026ac0000,0x0000000026bc0000)]
  0x000000001e5c5000 JavaThread "jar transforms Thread 170" [_thread_blocked, id=14096, stack(0x00000000269c0000,0x0000000026ac0000)]
  0x000000001e5c7000 JavaThread "jar transforms Thread 169" [_thread_blocked, id=18276, stack(0x00000000268c0000,0x00000000269c0000)]
  0x000000001e5c6800 JavaThread "jar transforms Thread 168" [_thread_blocked, id=15964, stack(0x00000000267c0000,0x00000000268c0000)]
  0x000000001abd2000 JavaThread "jar transforms Thread 167" [_thread_blocked, id=12788, stack(0x00000000266c0000,0x00000000267c0000)]
  0x000000001abcf000 JavaThread "jar transforms Thread 166" [_thread_blocked, id=13376, stack(0x00000000265c0000,0x00000000266c0000)]
  0x000000001abd0800 JavaThread "jar transforms Thread 165" [_thread_blocked, id=1760, stack(0x00000000264c0000,0x00000000265c0000)]
  0x000000001abd3000 JavaThread "jar transforms Thread 164" [_thread_blocked, id=13980, stack(0x00000000263c0000,0x00000000264c0000)]
  0x000000001a315800 JavaThread "jar transforms Thread 163" [_thread_blocked, id=17068, stack(0x00000000262c0000,0x00000000263c0000)]
  0x000000001a31a800 JavaThread "jar transforms Thread 162" [_thread_blocked, id=13292, stack(0x00000000261c0000,0x00000000262c0000)]
  0x000000001a315000 JavaThread "jar transforms Thread 161" [_thread_blocked, id=2032, stack(0x00000000260c0000,0x00000000261c0000)]
  0x000000001a313800 JavaThread "jar transforms Thread 160" [_thread_blocked, id=8060, stack(0x0000000025fc0000,0x00000000260c0000)]
  0x000000001a312800 JavaThread "jar transforms Thread 159" [_thread_blocked, id=7244, stack(0x0000000025ec0000,0x0000000025fc0000)]
  0x000000001a318800 JavaThread "jar transforms Thread 158" [_thread_blocked, id=17980, stack(0x0000000025dc0000,0x0000000025ec0000)]
  0x000000001a319800 JavaThread "jar transforms Thread 157" [_thread_blocked, id=13836, stack(0x0000000025cc0000,0x0000000025dc0000)]
  0x000000001a314000 JavaThread "jar transforms Thread 156" [_thread_blocked, id=12100, stack(0x0000000025bc0000,0x0000000025cc0000)]
  0x000000001a316800 JavaThread "jar transforms Thread 155" [_thread_blocked, id=18204, stack(0x0000000025ac0000,0x0000000025bc0000)]
  0x000000001a317000 JavaThread "jar transforms Thread 154" [_thread_blocked, id=1080, stack(0x00000000259c0000,0x0000000025ac0000)]
  0x000000001a318000 JavaThread "jar transforms Thread 153" [_thread_blocked, id=192, stack(0x00000000258c0000,0x00000000259c0000)]
  0x000000001a30c000 JavaThread "jar transforms Thread 152" [_thread_blocked, id=8560, stack(0x00000000257c0000,0x00000000258c0000)]
  0x000000001a30c800 JavaThread "jar transforms Thread 151" [_thread_blocked, id=10264, stack(0x00000000256c0000,0x00000000257c0000)]
  0x000000001a30f800 JavaThread "jar transforms Thread 150" [_thread_blocked, id=10108, stack(0x00000000255c0000,0x00000000256c0000)]
  0x000000001a30f000 JavaThread "jar transforms Thread 149" [_thread_blocked, id=11900, stack(0x00000000254c0000,0x00000000255c0000)]
  0x000000001fef6000 JavaThread "jar transforms Thread 148" [_thread_blocked, id=1280, stack(0x00000000253c0000,0x00000000254c0000)]
  0x000000001fef2000 JavaThread "jar transforms Thread 147" [_thread_blocked, id=11400, stack(0x00000000252c0000,0x00000000253c0000)]
  0x000000001fef5000 JavaThread "jar transforms Thread 146" [_thread_blocked, id=12172, stack(0x00000000251c0000,0x00000000252c0000)]
  0x000000001feec000 JavaThread "jar transforms Thread 145" [_thread_blocked, id=15572, stack(0x00000000250c0000,0x00000000251c0000)]
  0x000000001feea800 JavaThread "jar transforms Thread 144" [_thread_blocked, id=10692, stack(0x0000000024fc0000,0x00000000250c0000)]
  0x000000001fef0800 JavaThread "jar transforms Thread 143" [_thread_blocked, id=11884, stack(0x0000000024ec0000,0x0000000024fc0000)]
  0x000000001fef0000 JavaThread "jar transforms Thread 142" [_thread_blocked, id=16912, stack(0x0000000024dc0000,0x0000000024ec0000)]
  0x000000001feed000 JavaThread "jar transforms Thread 141" [_thread_blocked, id=10756, stack(0x0000000024cc0000,0x0000000024dc0000)]
  0x000000001feeb800 JavaThread "jar transforms Thread 140" [_thread_blocked, id=2896, stack(0x0000000024bc0000,0x0000000024cc0000)]
  0x000000001fee8000 JavaThread "jar transforms Thread 139" [_thread_blocked, id=12180, stack(0x0000000024ac0000,0x0000000024bc0000)]
  0x000000001feed800 JavaThread "jar transforms Thread 138" [_thread_blocked, id=6084, stack(0x00000000249c0000,0x0000000024ac0000)]
  0x000000001fee7800 JavaThread "jar transforms Thread 137" [_thread_blocked, id=16620, stack(0x00000000248c0000,0x00000000249c0000)]
  0x000000001feee800 JavaThread "jar transforms Thread 136" [_thread_blocked, id=1788, stack(0x00000000247c0000,0x00000000248c0000)]
  0x000000001fee9800 JavaThread "jar transforms Thread 135" [_thread_blocked, id=15476, stack(0x00000000246c0000,0x00000000247c0000)]
  0x000000001fee9000 JavaThread "jar transforms Thread 134" [_thread_blocked, id=11940, stack(0x00000000245c0000,0x00000000246c0000)]
  0x000000001fbc9000 JavaThread "jar transforms Thread 133" [_thread_blocked, id=12924, stack(0x00000000244c0000,0x00000000245c0000)]
  0x000000001fbcf000 JavaThread "jar transforms Thread 132" [_thread_blocked, id=7808, stack(0x00000000243c0000,0x00000000244c0000)]
  0x000000001fbcc800 JavaThread "jar transforms Thread 131" [_thread_blocked, id=14816, stack(0x00000000242c0000,0x00000000243c0000)]
  0x000000001fbce000 JavaThread "jar transforms Thread 130" [_thread_blocked, id=8852, stack(0x00000000241c0000,0x00000000242c0000)]
  0x000000001fbcc000 JavaThread "jar transforms Thread 129" [_thread_blocked, id=17896, stack(0x00000000240c0000,0x00000000241c0000)]
  0x000000001fbcb000 JavaThread "jar transforms Thread 128" [_thread_blocked, id=11504, stack(0x0000000023fc0000,0x00000000240c0000)]
  0x000000001fbc3800 JavaThread "jar transforms Thread 127" [_thread_blocked, id=9760, stack(0x0000000023ec0000,0x0000000023fc0000)]
  0x000000001fbc1800 JavaThread "jar transforms Thread 126" [_thread_blocked, id=9800, stack(0x0000000023dc0000,0x0000000023ec0000)]
  0x000000001fbc8000 JavaThread "jar transforms Thread 125" [_thread_blocked, id=15628, stack(0x0000000023cc0000,0x0000000023dc0000)]
  0x000000001fbc3000 JavaThread "jar transforms Thread 124" [_thread_blocked, id=9436, stack(0x0000000023bc0000,0x0000000023cc0000)]
  0x000000001fbc5000 JavaThread "jar transforms Thread 123" [_thread_blocked, id=16012, stack(0x0000000023ac0000,0x0000000023bc0000)]
  0x000000001fbc4800 JavaThread "jar transforms Thread 122" [_thread_blocked, id=9880, stack(0x00000000239c0000,0x0000000023ac0000)]
  0x000000001fbc0800 JavaThread "jar transforms Thread 121" [_thread_blocked, id=13848, stack(0x00000000238c0000,0x00000000239c0000)]
  0x000000001fbc6800 JavaThread "jar transforms Thread 120" [_thread_blocked, id=1128, stack(0x00000000237c0000,0x00000000238c0000)]
  0x000000001fbc7800 JavaThread "jar transforms Thread 119" [_thread_blocked, id=16724, stack(0x00000000236c0000,0x00000000237c0000)]
  0x000000001fbc2000 JavaThread "jar transforms Thread 118" [_thread_blocked, id=13664, stack(0x00000000235c0000,0x00000000236c0000)]
  0x000000001aec9000 JavaThread "jar transforms Thread 117" [_thread_blocked, id=8476, stack(0x00000000234c0000,0x00000000235c0000)]
  0x000000001aec7800 JavaThread "jar transforms Thread 116" [_thread_blocked, id=4784, stack(0x00000000233c0000,0x00000000234c0000)]
  0x000000001aec6800 JavaThread "jar transforms Thread 115" [_thread_blocked, id=2608, stack(0x00000000232c0000,0x00000000233c0000)]
  0x000000001aec6000 JavaThread "jar transforms Thread 114" [_thread_blocked, id=17460, stack(0x00000000231c0000,0x00000000232c0000)]
  0x000000001aec5000 JavaThread "jar transforms Thread 113" [_thread_blocked, id=84, stack(0x00000000230c0000,0x00000000231c0000)]
  0x000000001aeca800 JavaThread "jar transforms Thread 112" [_thread_blocked, id=12800, stack(0x0000000022fc0000,0x00000000230c0000)]
  0x000000001aec4800 JavaThread "jar transforms Thread 111" [_thread_blocked, id=1344, stack(0x0000000022ec0000,0x0000000022fc0000)]
  0x000000001aebc000 JavaThread "jar transforms Thread 110" [_thread_blocked, id=15520, stack(0x0000000022dc0000,0x0000000022ec0000)]
  0x000000001aec3000 JavaThread "jar transforms Thread 109" [_thread_blocked, id=17548, stack(0x0000000022cc0000,0x0000000022dc0000)]
  0x000000001aec0000 JavaThread "jar transforms Thread 108" [_thread_blocked, id=1500, stack(0x0000000022bc0000,0x0000000022cc0000)]
  0x000000001aebd800 JavaThread "jar transforms Thread 107" [_thread_blocked, id=6652, stack(0x0000000022ac0000,0x0000000022bc0000)]
  0x000000001aebe800 JavaThread "jar transforms Thread 106" [_thread_blocked, id=11116, stack(0x00000000229c0000,0x0000000022ac0000)]
  0x000000001aec0800 JavaThread "jar transforms Thread 105" [_thread_blocked, id=18264, stack(0x00000000228c0000,0x00000000229c0000)]
  0x000000001aec2000 JavaThread "jar transforms Thread 104" [_thread_blocked, id=15440, stack(0x00000000227c0000,0x00000000228c0000)]
  0x000000001aebf000 JavaThread "jar transforms Thread 103" [_thread_blocked, id=8808, stack(0x00000000226c0000,0x00000000227c0000)]
  0x000000001aebd000 JavaThread "jar transforms Thread 102" [_thread_blocked, id=14160, stack(0x00000000225c0000,0x00000000226c0000)]
  0x000000001aebb800 JavaThread "jar transforms Thread 101" [_thread_blocked, id=12428, stack(0x00000000224c0000,0x00000000225c0000)]
  0x000000001aec1800 JavaThread "jar transforms Thread 100" [_thread_blocked, id=18056, stack(0x00000000223c0000,0x00000000224c0000)]
  0x000000001df26800 JavaThread "jar transforms Thread 99" [_thread_blocked, id=12888, stack(0x00000000222c0000,0x00000000223c0000)]
  0x000000001df24000 JavaThread "jar transforms Thread 98" [_thread_blocked, id=4908, stack(0x00000000221c0000,0x00000000222c0000)]
  0x000000001df25800 JavaThread "jar transforms Thread 97" [_thread_blocked, id=10984, stack(0x00000000220c0000,0x00000000221c0000)]
  0x000000001df25000 JavaThread "jar transforms Thread 96" [_thread_blocked, id=16756, stack(0x0000000021fc0000,0x00000000220c0000)]
  0x000000001df1c800 JavaThread "jar transforms Thread 95" [_thread_blocked, id=14992, stack(0x0000000021ec0000,0x0000000021fc0000)]
  0x000000001df1e000 JavaThread "Build operations Thread 4" [_thread_blocked, id=15756, stack(0x0000000021b10000,0x0000000021c10000)]
  0x000000001df23800 JavaThread "Build operations Thread 3" [_thread_blocked, id=14812, stack(0x00000000214a0000,0x00000000215a0000)]
  0x000000001df21000 JavaThread "Build operations Thread 2" [_thread_blocked, id=17832, stack(0x00000000213a0000,0x00000000214a0000)]
  0x000000001df22800 JavaThread "Build operations" [_thread_blocked, id=17236, stack(0x000000001f740000,0x000000001f840000)]
  0x000000001df20800 JavaThread "Cache worker for cache directory md-rule (C:\Users\DELL\.gradle\caches\6.5\md-rule)" [_thread_blocked, id=15828, stack(0x000000001f440000,0x000000001f540000)]
  0x000000001df22000 JavaThread "Cache worker for cache directory md-supplier (C:\Users\DELL\.gradle\caches\6.5\md-supplier)" [_thread_blocked, id=3396, stack(0x000000001cba0000,0x000000001cca0000)]
  0x000000001df1b000 JavaThread "Cache worker for checksums cache (E:\NewsApp\.gradle\checksums)" [_thread_blocked, id=7688, stack(0x000000001caa0000,0x000000001cba0000)]
  0x000000001df19000 JavaThread "Cache worker for file hash cache (E:\NewsApp\.gradle\6.5\fileHashes)" [_thread_blocked, id=8444, stack(0x000000001c9a0000,0x000000001caa0000)]
  0x000000001df1d800 JavaThread "Thread-157" [_thread_blocked, id=14056, stack(0x000000001c8a0000,0x000000001c9a0000)]
  0x000000001df1a800 JavaThread "Stdin handler" [_thread_blocked, id=16568, stack(0x000000001c7a0000,0x000000001c8a0000)]
  0x000000001df1f800 JavaThread "Asynchronous log dispatcher for DefaultDaemonConnection: socket connection from /127.0.0.1:54978 to /127.0.0.1:55011" [_thread_blocked, id=16540, stack(0x000000001c6a0000,0x000000001c7a0000)]
  0x000000001df1f000 JavaThread "Daemon worker Thread 2" [_thread_blocked, id=14544, stack(0x000000001c3a0000,0x000000001c4a0000)]
  0x000000001df17000 JavaThread "Cancel handler" [_thread_blocked, id=1536, stack(0x0000000002170000,0x0000000002270000)]
  0x000000001df1c000 JavaThread "Handler for socket connection from /127.0.0.1:54978 to /127.0.0.1:55011" [_thread_in_native, id=17028, stack(0x0000000000770000,0x0000000000870000)]
  0x000000001df18000 JavaThread "Daemon Thread 2" [_thread_blocked, id=13960, stack(0x0000000000670000,0x0000000000770000)]
  0x000000001fef4800 JavaThread "Cache worker for Java compile cache (C:\Users\DELL\.gradle\caches\6.5\javaCompile)" [_thread_blocked, id=4720, stack(0x000000002b520000,0x000000002b620000)]
  0x000000001aec3800 JavaThread "Memory manager" [_thread_blocked, id=8252, stack(0x00000000286c0000,0x00000000287c0000)]
  0x000000001abd1800 JavaThread "Cache worker for file content cache (C:\Users\DELL\.gradle\caches\6.5\fileContent)" [_thread_blocked, id=15148, stack(0x0000000021610000,0x0000000021710000)]
  0x000000001abd5000 JavaThread "Cache worker for execution history cache (C:\Users\DELL\.gradle\caches\6.5\executionHistory)" [_thread_blocked, id=1132, stack(0x0000000020ca0000,0x0000000020da0000)]
  0x000000001abd0000 JavaThread "Cache worker for file hash cache (C:\Users\DELL\.gradle\caches\6.5\fileHashes)" [_thread_blocked, id=17332, stack(0x000000001d1a0000,0x000000001d2a0000)]
  0x0000000018d8d000 JavaThread "File lock request listener" [_thread_in_native, id=3652, stack(0x000000001d0a0000,0x000000001d1a0000)]
  0x0000000019789000 JavaThread "Cache worker for journal cache (C:\Users\DELL\.gradle\caches\journal-1)" [_thread_blocked, id=16416, stack(0x000000001cea0000,0x000000001cfa0000)]
  0x000000001ac07800 JavaThread "Daemon periodic checks" [_thread_blocked, id=5336, stack(0x000000001c2a0000,0x000000001c3a0000)]
  0x000000001abf7000 JavaThread "Incoming local TCP Connector on port 54978" [_thread_in_native, id=13004, stack(0x000000001c060000,0x000000001c160000)]
  0x000000001ab74000 JavaThread "Daemon health stats" [_thread_blocked, id=17616, stack(0x000000001ba20000,0x000000001bb20000)]
  0x0000000018aa9000 JavaThread "Service Thread" daemon [_thread_blocked, id=7460, stack(0x0000000018e80000,0x0000000018f80000)]
  0x0000000017170000 JavaThread "C1 CompilerThread2" daemon [_thread_in_vm, id=17448, stack(0x0000000018980000,0x0000000018a80000)]
=>0x000000001712c000 JavaThread "C2 CompilerThread1" daemon [_thread_in_native, id=14220, stack(0x0000000018880000,0x0000000018980000)]
  0x0000000017129000 JavaThread "C2 CompilerThread0" daemon [_thread_in_native, id=2388, stack(0x0000000018780000,0x0000000018880000)]
  0x0000000017124000 JavaThread "Attach Listener" daemon [_thread_blocked, id=17136, stack(0x0000000018680000,0x0000000018780000)]
  0x0000000017122800 JavaThread "Signal Dispatcher" daemon [_thread_blocked, id=3596, stack(0x0000000018580000,0x0000000018680000)]
  0x00000000024fc000 JavaThread "Finalizer" daemon [_thread_blocked, id=7768, stack(0x0000000018380000,0x0000000018480000)]
  0x00000000024f2000 JavaThread "Reference Handler" daemon [_thread_blocked, id=13120, stack(0x0000000018280000,0x0000000018380000)]
  0x00000000022fe000 JavaThread "main" [_thread_blocked, id=1604, stack(0x0000000002300000,0x0000000002400000)]

Other Threads:
  0x00000000170e6800 VMThread [stack: 0x0000000018180000,0x0000000018280000] [id=6396]
  0x000000001717c800 WatcherThread [stack: 0x0000000018f80000,0x0000000019080000] [id=14988]

VM state:not at safepoint (normal execution)

VM Mutex/Monitor currently owned by a thread: None

heap address: 0x0000000080000000, size: 2048 MB, Compressed Oops mode: 32-bit
Narrow klass base: 0x0000000000000000, Narrow klass shift: 3
Compressed class space size: 1073741824 Address: 0x0000000100000000

Heap:
 PSYoungGen      total 395264K, used 217531K [0x00000000d5580000, 0x00000000f3200000, 0x0000000100000000)
  eden space 358400K, 52% used [0x00000000d5580000,0x00000000e0d1e310,0x00000000eb380000)
  from space 36864K, 80% used [0x00000000eb380000,0x00000000ed050bc8,0x00000000ed780000)
  to   space 40448K, 0% used [0x00000000f0a80000,0x00000000f0a80000,0x00000000f3200000)
 ParOldGen       total 126976K, used 86028K [0x0000000080000000, 0x0000000087c00000, 0x00000000d5580000)
  object space 126976K, 67% used [0x0000000080000000,0x00000000854032d0,0x0000000087c00000)
 Metaspace       used 94420K, capacity 99390K, committed 99624K, reserved 1136640K
  class space    used 12407K, capacity 13342K, committed 13360K, reserved 1048576K

Card table byte_map: [0x00000000118c0000,0x0000000011cd0000] byte_map_base: 0x00000000114c0000

Marking Bits: (ParMarkBitMap*) 0x0000000056d3f030
 Begin Bits: [0x0000000012380000, 0x0000000014380000)
 End Bits:   [0x0000000014380000, 0x0000000016380000)

Polling page: 0x0000000000560000

CodeCache: size=245760Kb used=45276Kb max_used=45276Kb free=200483Kb
 bounds [0x0000000002500000, 0x0000000005180000, 0x0000000011500000]
 total_blobs=14479 nmethods=13608 adapters=782
 compilation: enabled

Compilation events (10 events):
Event: 177.792 Thread 0x0000000017170000 16779       3       org.gradle.internal.operations.OperationFinishEvent::getStartTime (5 bytes)
Event: 177.793 Thread 0x0000000017170000 nmethod 16779 0x000000000516a510 code [0x000000000516a660, 0x000000000516a7b0]
Event: 177.843 Thread 0x0000000017170000 16780       3       org.gradle.internal.fingerprint.overlap.impl.DefaultOverlappingOutputDetector$OverlappingOutputsDetectingVisitor::preVisitDirectory (39 bytes)
Event: 177.843 Thread 0x0000000017170000 nmethod 16780 0x000000000516a850 code [0x000000000516a9c0, 0x000000000516ac28]
Event: 177.843 Thread 0x0000000017170000 16781       3       org.gradle.internal.fingerprint.overlap.impl.DefaultOverlappingOutputDetector$OverlappingOutputsDetectingVisitor::postVisitDirectory (11 bytes)
Event: 177.844 Thread 0x0000000017170000 nmethod 16781 0x000000000516acd0 code [0x000000000516ae20, 0x000000000516af70]
Event: 177.846 Thread 0x0000000017170000 16782       3       org.gradle.api.internal.artifacts.transform.ConsumerProvidedVariantFinder$$Lambda$539/1706192324::apply (20 bytes)
Event: 177.847 Thread 0x0000000017170000 nmethod 16782 0x000000000516b010 code [0x000000000516b1c0, 0x000000000516b6b8]
Event: 177.847 Thread 0x0000000017170000 16783       3       org.gradle.api.internal.artifacts.transform.ConsumerProvidedVariantFinder::lambda$collectConsumerVariants$0 (10 bytes)
Event: 177.848 Thread 0x0000000017170000 nmethod 16783 0x000000000516b990 code [0x000000000516bb60, 0x000000000516c308]

GC Heap History (10 events):
Event: 29.566 GC heap before
{Heap before GC invocations=17 (full 3):
 PSYoungGen      total 255488K, used 232448K [0x00000000d5580000, 0x00000000eb680000, 0x0000000100000000)
  eden space 232448K, 100% used [0x00000000d5580000,0x00000000e3880000,0x00000000e3880000)
  from space 23040K, 0% used [0x00000000e3880000,0x00000000e3880000,0x00000000e4f00000)
  to   space 23040K, 0% used [0x00000000ea000000,0x00000000ea000000,0x00000000eb680000)
 ParOldGen       total 84992K, used 33919K [0x0000000080000000, 0x0000000085300000, 0x00000000d5580000)
  object space 84992K, 39% used [0x0000000080000000,0x000000008211fe58,0x0000000085300000)
 Metaspace       used 65441K, capacity 68354K, committed 68520K, reserved 1107968K
  class space    used 8974K, capacity 9583K, committed 9648K, reserved 1048576K
Event: 29.659 GC heap after
Heap after GC invocations=17 (full 3):
 PSYoungGen      total 318464K, used 23033K [0x00000000d5580000, 0x00000000eb680000, 0x0000000100000000)
  eden space 295424K, 0% used [0x00000000d5580000,0x00000000d5580000,0x00000000e7600000)
  from space 23040K, 99% used [0x00000000ea000000,0x00000000eb67e618,0x00000000eb680000)
  to   space 31744K, 0% used [0x00000000e7880000,0x00000000e7880000,0x00000000e9780000)
 ParOldGen       total 84992K, used 46377K [0x0000000080000000, 0x0000000085300000, 0x00000000d5580000)
  object space 84992K, 54% used [0x0000000080000000,0x0000000082d4a500,0x0000000085300000)
 Metaspace       used 65441K, capacity 68354K, committed 68520K, reserved 1107968K
  class space    used 8974K, capacity 9583K, committed 9648K, reserved 1048576K
}
Event: 62.257 GC heap before
{Heap before GC invocations=18 (full 3):
 PSYoungGen      total 318464K, used 318457K [0x00000000d5580000, 0x00000000eb680000, 0x0000000100000000)
  eden space 295424K, 100% used [0x00000000d5580000,0x00000000e7600000,0x00000000e7600000)
  from space 23040K, 99% used [0x00000000ea000000,0x00000000eb67e618,0x00000000eb680000)
  to   space 31744K, 0% used [0x00000000e7880000,0x00000000e7880000,0x00000000e9780000)
 ParOldGen       total 84992K, used 46377K [0x0000000080000000, 0x0000000085300000, 0x00000000d5580000)
  object space 84992K, 54% used [0x0000000080000000,0x0000000082d4a500,0x0000000085300000)
 Metaspace       used 70552K, capacity 73832K, committed 74024K, reserved 1114112K
  class space    used 9382K, capacity 10020K, committed 10032K, reserved 1048576K
Event: 62.333 GC heap after
Heap after GC invocations=18 (full 3):
 PSYoungGen      total 329728K, used 16006K [0x00000000d5580000, 0x00000000ef600000, 0x0000000100000000)
  eden space 297984K, 0% used [0x00000000d5580000,0x00000000d5580000,0x00000000e7880000)
  from space 31744K, 50% used [0x00000000e7880000,0x00000000e88218c8,0x00000000e9780000)
  to   space 31232K, 0% used [0x00000000ed780000,0x00000000ed780000,0x00000000ef600000)
 ParOldGen       total 84992K, used 67928K [0x0000000080000000, 0x0000000085300000, 0x00000000d5580000)
  object space 84992K, 79% used [0x0000000080000000,0x0000000084256088,0x0000000085300000)
 Metaspace       used 70552K, capacity 73832K, committed 74024K, reserved 1114112K
  class space    used 9382K, capacity 10020K, committed 10032K, reserved 1048576K
}
Event: 62.333 GC heap before
{Heap before GC invocations=19 (full 4):
 PSYoungGen      total 329728K, used 16006K [0x00000000d5580000, 0x00000000ef600000, 0x0000000100000000)
  eden space 297984K, 0% used [0x00000000d5580000,0x00000000d5580000,0x00000000e7880000)
  from space 31744K, 50% used [0x00000000e7880000,0x00000000e88218c8,0x00000000e9780000)
  to   space 31232K, 0% used [0x00000000ed780000,0x00000000ed780000,0x00000000ef600000)
 ParOldGen       total 84992K, used 67928K [0x0000000080000000, 0x0000000085300000, 0x00000000d5580000)
  object space 84992K, 79% used [0x0000000080000000,0x0000000084256088,0x0000000085300000)
 Metaspace       used 70552K, capacity 73832K, committed 74024K, reserved 1114112K
  class space    used 9382K, capacity 10020K, committed 10032K, reserved 1048576K
Event: 62.618 GC heap after
Heap after GC invocations=19 (full 4):
 PSYoungGen      total 329728K, used 0K [0x00000000d5580000, 0x00000000ef600000, 0x0000000100000000)
  eden space 297984K, 0% used [0x00000000d5580000,0x00000000d5580000,0x00000000e7880000)
  from space 31744K, 0% used [0x00000000e7880000,0x00000000e7880000,0x00000000e9780000)
  to   space 31232K, 0% used [0x00000000ed780000,0x00000000ed780000,0x00000000ef600000)
 ParOldGen       total 126976K, used 54588K [0x0000000080000000, 0x0000000087c00000, 0x00000000d5580000)
  object space 126976K, 42% used [0x0000000080000000,0x000000008354f010,0x0000000087c00000)
 Metaspace       used 70524K, capacity 73750K, committed 74024K, reserved 1114112K
  class space    used 9373K, capacity 10005K, committed 10032K, reserved 1048576K
}
Event: 83.371 GC heap before
{Heap before GC invocations=20 (full 4):
 PSYoungGen      total 329728K, used 297984K [0x00000000d5580000, 0x00000000ef600000, 0x0000000100000000)
  eden space 297984K, 100% used [0x00000000d5580000,0x00000000e7880000,0x00000000e7880000)
  from space 31744K, 0% used [0x00000000e7880000,0x00000000e7880000,0x00000000e9780000)
  to   space 31232K, 0% used [0x00000000ed780000,0x00000000ed780000,0x00000000ef600000)
 ParOldGen       total 126976K, used 54588K [0x0000000080000000, 0x0000000087c00000, 0x00000000d5580000)
  object space 126976K, 42% used [0x0000000080000000,0x000000008354f010,0x0000000087c00000)
 Metaspace       used 71562K, capacity 74952K, committed 75176K, reserved 1114112K
  class space    used 9442K, capacity 10116K, committed 10160K, reserved 1048576K
Event: 83.424 GC heap after
Heap after GC invocations=20 (full 4):
 PSYoungGen      total 389632K, used 31205K [0x00000000d5580000, 0x00000000f0380000, 0x0000000100000000)
  eden space 358400K, 0% used [0x00000000d5580000,0x00000000d5580000,0x00000000eb380000)
  from space 31232K, 99% used [0x00000000ed780000,0x00000000ef5f96c8,0x00000000ef600000)
  to   space 36864K, 0% used [0x00000000eb380000,0x00000000eb380000,0x00000000ed780000)
 ParOldGen       total 126976K, used 55309K [0x0000000080000000, 0x0000000087c00000, 0x00000000d5580000)
  object space 126976K, 43% used [0x0000000080000000,0x00000000836036c0,0x0000000087c00000)
 Metaspace       used 71562K, capacity 74952K, committed 75176K, reserved 1114112K
  class space    used 9442K, capacity 10116K, committed 10160K, reserved 1048576K
}
Event: 97.622 GC heap before
{Heap before GC invocations=21 (full 4):
 PSYoungGen      total 389632K, used 389605K [0x00000000d5580000, 0x00000000f0380000, 0x0000000100000000)
  eden space 358400K, 100% used [0x00000000d5580000,0x00000000eb380000,0x00000000eb380000)
  from space 31232K, 99% used [0x00000000ed780000,0x00000000ef5f96c8,0x00000000ef600000)
  to   space 36864K, 0% used [0x00000000eb380000,0x00000000eb380000,0x00000000ed780000)
 ParOldGen       total 126976K, used 55309K [0x0000000080000000, 0x0000000087c00000, 0x00000000d5580000)
  object space 126976K, 43% used [0x0000000080000000,0x00000000836036c0,0x0000000087c00000)
 Metaspace       used 91697K, capacity 96536K, committed 96808K, reserved 1132544K
  class space    used 12070K, capacity 13027K, committed 13104K, reserved 1048576K
Event: 97.723 GC heap after
Heap after GC invocations=21 (full 4):
 PSYoungGen      total 395264K, used 29506K [0x00000000d5580000, 0x00000000f3200000, 0x0000000100000000)
  eden space 358400K, 0% used [0x00000000d5580000,0x00000000d5580000,0x00000000eb380000)
  from space 36864K, 80% used [0x00000000eb380000,0x00000000ed050bc8,0x00000000ed780000)
  to   space 40448K, 0% used [0x00000000f0a80000,0x00000000f0a80000,0x00000000f3200000)
 ParOldGen       total 126976K, used 86028K [0x0000000080000000, 0x0000000087c00000, 0x00000000d5580000)
  object space 126976K, 67% used [0x0000000080000000,0x00000000854032d0,0x0000000087c00000)
 Metaspace       used 91697K, capacity 96536K, committed 96808K, reserved 1132544K
  class space    used 12070K, capacity 13027K, committed 13104K, reserved 1048576K
}

Deoptimization events (10 events):
Event: 173.990 Thread 0x000000001df1f000 Uncommon trap: reason=class_check action=maybe_recompile pc=0x00000000041c79bc method=com.sun.org.apache.xerces.internal.impl.XMLDocumentFragmentScannerImpl.setProperty(Ljava/lang/String;Ljava/lang/Object;)V @ 73
Event: 173.990 Thread 0x000000001df1f000 Uncommon trap: reason=class_check action=maybe_recompile pc=0x0000000004121d74 method=com.sun.org.apache.xerces.internal.impl.XMLEntityManager.setProperty(Ljava/lang/String;Ljava/lang/Object;)V @ 102
Event: 174.169 Thread 0x000000001df1f000 Uncommon trap: reason=class_check action=maybe_recompile pc=0x00000000041c79bc method=com.sun.org.apache.xerces.internal.impl.XMLDocumentFragmentScannerImpl.setProperty(Ljava/lang/String;Ljava/lang/Object;)V @ 73
Event: 174.169 Thread 0x000000001df1f000 Uncommon trap: reason=class_check action=maybe_recompile pc=0x0000000004121d74 method=com.sun.org.apache.xerces.internal.impl.XMLEntityManager.setProperty(Ljava/lang/String;Ljava/lang/Object;)V @ 102
Event: 174.493 Thread 0x000000001df1f000 Uncommon trap: reason=class_check action=maybe_recompile pc=0x0000000004e8dea0 method=java.util.Spliterators$ArraySpliterator.tryAdvance(Ljava/util/function/Consumer;)Z @ 49
Event: 175.875 Thread 0x000000001df23800 Uncommon trap: reason=unstable_if action=reinterpret pc=0x0000000003a574ac method=java.util.concurrent.locks.LockSupport.unpark(Ljava/lang/Thread;)V @ 1
Event: 176.131 Thread 0x0000000018e18800 Uncommon trap: reason=class_check action=maybe_recompile pc=0x0000000004610418 method=org.gradle.internal.snapshot.AbstractCompleteFileSystemLocationSnapshot.getSnapshot(Lorg/gradle/internal/snapshot/VfsRelativePath;Lorg/gradle/internal/snapshot/CaseSensi
Event: 176.132 Thread 0x0000000018e18800 Uncommon trap: reason=class_check action=maybe_recompile pc=0x0000000003c92814 method=org.gradle.internal.snapshot.SnapshotUtil.getMetadataFromChildren(Ljava/util/List;Lorg/gradle/internal/snapshot/VfsRelativePath;Lorg/gradle/internal/snapshot/CaseSensiti
Event: 177.764 Thread 0x0000000018e18800 Uncommon trap: reason=class_check action=maybe_recompile pc=0x0000000003db48cc method=com.google.common.cache.LocalCache$Segment.get(Ljava/lang/Object;I)Ljava/lang/Object; @ 14
Event: 177.782 Thread 0x0000000018e18800 Uncommon trap: reason=class_check action=maybe_recompile pc=0x0000000003db48cc method=com.google.common.cache.LocalCache$Segment.get(Ljava/lang/Object;I)Ljava/lang/Object; @ 14

Classes redefined (0 events):
No events

Internal exceptions (10 events):
Event: 97.382 Thread 0x000000001fee9000 Exception <a 'sun/nio/fs/WindowsException'> (0x00000000ea8256e0) thrown at [C:\src\AOSP-openjdk-git\hotspot\src\share\vm\prims\jni.cpp, line 710]
Event: 97.386 Thread 0x000000001fee9000 Exception <a 'sun/nio/fs/WindowsException'> (0x00000000ea82dd90) thrown at [C:\src\AOSP-openjdk-git\hotspot\src\share\vm\prims\jni.cpp, line 710]
Event: 97.492 Thread 0x00000000196b3000 Exception <a 'java/lang/NoSuchMethodError': <clinit>> (0x00000000e83aebd0) thrown at [C:\src\AOSP-openjdk-git\hotspot\src\share\vm\prims\jni.cpp, line 1615]
Event: 97.785 Thread 0x000000001aeca800 Exception <a 'sun/nio/fs/WindowsException'> (0x00000000d5721240) thrown at [C:\src\AOSP-openjdk-git\hotspot\src\share\vm\prims\jni.cpp, line 710]
Event: 98.121 Thread 0x000000001fef2000 Implicit null exception at 0x0000000002642c6f to 0x0000000002642d61
Event: 99.505 Thread 0x000000001df1c000 Exception <a 'sun/nio/fs/WindowsException'> (0x00000000d7753e90) thrown at [C:\src\AOSP-openjdk-git\hotspot\src\share\vm\prims\jni.cpp, line 710]
Event: 99.748 Thread 0x000000001feed800 Exception <a 'java/lang/NoSuchMethodError': java.lang.Object.lambda$asRunnable$0(Lcom/android/tools/build/apkzlib/utils/IOExceptionRunnable;)V> (0x00000000d7d02148) thrown at [C:\src\AOSP-openjdk-git\hotspot\src\share\vm\interpreter\linkResolver.cpp, line
Event: 99.805 Thread 0x000000001feed800 Exception <a 'java/lang/NoSuchMethodError': java.lang.Object.newSystemTemporaryDirectory()Lcom/android/tools/build/apkzlib/bytestorage/TemporaryDirectory;> (0x00000000d7e26e40) thrown at [C:\src\AOSP-openjdk-git\hotspot\src\share\vm\interpreter\linkResolv
Event: 99.911 Thread 0x000000001feed800 Exception <a 'java/lang/NoSuchMethodError': java.lang.Object.lambda$static$0(Lcom/android/apksig/util/RunnablesProvider;)V> (0x00000000d809e8d0) thrown at [C:\src\AOSP-openjdk-git\hotspot\src\share\vm\interpreter\linkResolver.cpp, line 620]
Event: 173.974 Thread 0x000000001df1f000 Exception <a 'sun/nio/fs/WindowsException'> (0x00000000dbc59248) thrown at [C:\src\AOSP-openjdk-git\hotspot\src\share\vm\prims\jni.cpp, line 710]

Events (10 events):
Event: 176.131 Thread 0x0000000018e18800 DEOPT UNPACKING pc=0x000000000254557b sp=0x00000000292cd048 mode 2
Event: 176.131 Thread 0x0000000018e18800 Uncommon trap: trap_request=0xffffffde fr.pc=0x0000000003c92814
Event: 176.132 Thread 0x0000000018e18800 DEOPT PACKING pc=0x0000000003c92814 sp=0x00000000292cd070
Event: 176.132 Thread 0x0000000018e18800 DEOPT UNPACKING pc=0x000000000254557b sp=0x00000000292cd028 mode 2
Event: 177.764 Thread 0x0000000018e18800 Uncommon trap: trap_request=0xffffffde fr.pc=0x0000000003db48cc
Event: 177.764 Thread 0x0000000018e18800 DEOPT PACKING pc=0x0000000003db48cc sp=0x00000000292cb5a0
Event: 177.764 Thread 0x0000000018e18800 DEOPT UNPACKING pc=0x000000000254557b sp=0x00000000292cb540 mode 2
Event: 177.782 Thread 0x0000000018e18800 Uncommon trap: trap_request=0xffffffde fr.pc=0x0000000003db48cc
Event: 177.782 Thread 0x0000000018e18800 DEOPT PACKING pc=0x0000000003db48cc sp=0x00000000292cb6b0
Event: 177.782 Thread 0x0000000018e18800 DEOPT UNPACKING pc=0x000000000254557b sp=0x00000000292cb650 mode 2


Dynamic libraries:
0x00007ff668b90000 - 0x00007ff668bc1000 	E:\Programs\New folder\jre\bin\java.exe
0x00007ffad90e0000 - 0x00007ffad92d0000 	C:\WINDOWS\SYSTEM32\ntdll.dll
0x00007ffad8670000 - 0x00007ffad8722000 	C:\WINDOWS\System32\KERNEL32.DLL
0x00007ffad6d90000 - 0x00007ffad7035000 	C:\WINDOWS\System32\KERNELBASE.dll
0x00007ffad7190000 - 0x00007ffad7233000 	C:\WINDOWS\System32\ADVAPI32.dll
0x00007ffad8360000 - 0x00007ffad83fe000 	C:\WINDOWS\System32\msvcrt.dll
0x00007ffad8b70000 - 0x00007ffad8c07000 	C:\WINDOWS\System32\sechost.dll
0x00007ffad8730000 - 0x00007ffad8850000 	C:\WINDOWS\System32\RPCRT4.dll
0x00007ffad8400000 - 0x00007ffad8594000 	C:\WINDOWS\System32\USER32.dll
0x00007ffad6420000 - 0x00007ffad6441000 	C:\WINDOWS\System32\win32u.dll
0x00007ffad7930000 - 0x00007ffad7956000 	C:\WINDOWS\System32\GDI32.dll
0x00007ffad6050000 - 0x00007ffad61e6000 	C:\WINDOWS\System32\gdi32full.dll
0x00007ffad62a0000 - 0x00007ffad633e000 	C:\WINDOWS\System32\msvcp_win.dll
0x00007ffad7060000 - 0x00007ffad715a000 	C:\WINDOWS\System32\ucrtbase.dll
0x00007ffacccc0000 - 0x00007ffaccf44000 	C:\WINDOWS\WinSxS\amd64_microsoft.windows.common-controls_6595b64144ccf1df_6.0.18362.1256_none_9e7e379be45e40e2\COMCTL32.dll
0x00007ffad8020000 - 0x00007ffad8356000 	C:\WINDOWS\System32\combase.dll
0x00007ffad6390000 - 0x00007ffad6411000 	C:\WINDOWS\System32\bcryptPrimitives.dll
0x00007ffad8a10000 - 0x00007ffad8a3e000 	C:\WINDOWS\System32\IMM32.DLL
0x0000000056470000 - 0x0000000056542000 	E:\Programs\New folder\jre\jre\bin\msvcr100.dll
0x0000000056570000 - 0x0000000056dbb000 	E:\Programs\New folder\jre\jre\bin\server\jvm.dll
0x00007ffad8000000 - 0x00007ffad8008000 	C:\WINDOWS\System32\PSAPI.DLL
0x00007ffad49f0000 - 0x00007ffad49f9000 	C:\WINDOWS\SYSTEM32\WSOCK32.dll
0x00007ffad8ea0000 - 0x00007ffad8f0f000 	C:\WINDOWS\System32\WS2_32.dll
0x00007ffad4a30000 - 0x00007ffad4a3a000 	C:\WINDOWS\SYSTEM32\VERSION.dll
0x00007fface190000 - 0x00007fface1b4000 	C:\WINDOWS\SYSTEM32\WINMM.dll
0x00007fface0e0000 - 0x00007fface10d000 	C:\WINDOWS\SYSTEM32\WINMMBASE.dll
0x00007ffad6340000 - 0x00007ffad638a000 	C:\WINDOWS\System32\cfgmgr32.dll
0x00007ffad0a00000 - 0x00007ffad0a0f000 	E:\Programs\New folder\jre\jre\bin\verify.dll
0x00007ffac8e30000 - 0x00007ffac8e59000 	E:\Programs\New folder\jre\jre\bin\java.dll
0x00007ffac8e10000 - 0x00007ffac8e26000 	E:\Programs\New folder\jre\jre\bin\zip.dll
0x00007ffad7240000 - 0x00007ffad7927000 	C:\WINDOWS\System32\SHELL32.dll
0x00007ffad8f10000 - 0x00007ffad8fb9000 	C:\WINDOWS\System32\shcore.dll
0x00007ffad6450000 - 0x00007ffad6bd1000 	C:\WINDOWS\System32\windows.storage.dll
0x00007ffad6000000 - 0x00007ffad6023000 	C:\WINDOWS\System32\profapi.dll
0x00007ffad5fb0000 - 0x00007ffad5ffa000 	C:\WINDOWS\System32\powrprof.dll
0x00007ffad5f80000 - 0x00007ffad5f90000 	C:\WINDOWS\System32\UMPDC.dll
0x00007ffad8b10000 - 0x00007ffad8b62000 	C:\WINDOWS\System32\shlwapi.dll
0x00007ffad5f90000 - 0x00007ffad5fa1000 	C:\WINDOWS\System32\kernel.appcore.dll
0x00007ffad7040000 - 0x00007ffad7057000 	C:\WINDOWS\System32\cryptsp.dll
0x00007ffac8df0000 - 0x00007ffac8e0a000 	E:\Programs\New folder\jre\jre\bin\net.dll
0x00007ffad5780000 - 0x00007ffad57e7000 	C:\WINDOWS\system32\mswsock.dll
0x00007ffac8dd0000 - 0x00007ffac8de3000 	E:\Programs\New folder\jre\jre\bin\nio.dll
0x00007ffad0170000 - 0x00007ffad0197000 	C:\Users\DELL\.gradle\native\f6784746aeab05261644944871eae4fe03e0ef1612fff0a4a95f87b438bc6780\windows-amd64\native-platform.dll
0x00007ffad0130000 - 0x00007ffad013d000 	E:\Programs\New folder\jre\jre\bin\management.dll
0x00007ffad5300000 - 0x00007ffad5333000 	C:\WINDOWS\system32\rsaenh.dll
0x00007ffad7160000 - 0x00007ffad7186000 	C:\WINDOWS\System32\bcrypt.dll
0x00007ffad5e60000 - 0x00007ffad5e85000 	C:\WINDOWS\SYSTEM32\USERENV.dll
0x00007ffad5900000 - 0x00007ffad590c000 	C:\WINDOWS\SYSTEM32\CRYPTBASE.dll
0x00007ffad54a0000 - 0x00007ffad54da000 	C:\WINDOWS\SYSTEM32\IPHLPAPI.DLL
0x00007ffad9090000 - 0x00007ffad9098000 	C:\WINDOWS\System32\NSI.dll
0x00007ffacf090000 - 0x00007ffacf0a6000 	C:\WINDOWS\SYSTEM32\dhcpcsvc6.DLL
0x00007ffacf2f0000 - 0x00007ffacf30c000 	C:\WINDOWS\SYSTEM32\dhcpcsvc.DLL
0x00007ffad54e0000 - 0x00007ffad55ab000 	C:\WINDOWS\SYSTEM32\DNSAPI.dll
0x00007ffacf380000 - 0x00007ffacf38b000 	C:\WINDOWS\SYSTEM32\WINNSI.DLL

VM Arguments:
jvm_args: -Xmx2048m -Dfile.encoding=UTF-8 -Duser.country=VN -Duser.language=vi -Duser.variant -Djava.net.preferIPv4Stack=true 
java_command: org.gradle.launcher.daemon.bootstrap.GradleDaemon 6.5
java_class_path (initial): C:\Users\DELL\.gradle\wrapper\dists\gradle-6.5-all\2oz4ud9k3tuxjg84bbf55q0tn\gradle-6.5\lib\gradle-launcher-6.5.jar
Launcher Type: SUN_STANDARD

Environment Variables:
JAVA_HOME=C:\Program Files\Java\jdk-12.0.2
_JAVA_OPTIONS=-Djava.net.preferIPv4Stack=true
PATH=C:\Program Files (x86)\Common Files\Intel\Shared Libraries\redist\intel64\compiler;C:\Windows\system32;C:\Windows;C:\Windows\System32\Wbem;C:\Windows\System32\WindowsPowerShell\v1.0\;C:\Program Files (x86)\NVIDIA Corporation\PhysX\Common;C:\Program Files\NVIDIA Corporation\NVIDIA NvDLISR;C:\WINDOWS\system32;C:\WINDOWS;C:\WINDOWS\System32\Wbem;C:\WINDOWS\System32\WindowsPowerShell\v1.0\;C:\WINDOWS\System32\OpenSSH\;C:\Program Files\Microsoft SQL Server\Client SDK\ODBC\170\Tools\Binn\;C:\Program Files (x86)\Microsoft SQL Server\150\Tools\Binn\;C:\Program Files\Microsoft SQL Server\150\Tools\Binn\;C:\Program Files\Microsoft SQL Server\150\DTS\Binn\;C:\Program Files (x86)\QuickTime\QTSystem\;C:\Program Files\Java\jdk-12.0.2\bin;C:\xampp\php;C:\ProgramData\ComposerSetup\bin;C:\Program Files (x86)\sqlite3;C:\Users\DELL\AppData\Local\Microsoft\WindowsApps;C:\Users\DELL\AppData\Roaming\Composer\vendor\bin;
USERNAME=DELL
OS=Windows_NT
PROCESSOR_IDENTIFIER=Intel64 Family 6 Model 69 Stepping 1, GenuineIntel



---------------  S Y S T E M  ---------------

OS: Windows 10.0 , 64 bit Build 18362 (10.0.18362.1110)

CPU:total 4 (initial active 4) (2 cores per cpu, 2 threads per core) family 6 model 69 stepping 1, cmov, cx8, fxsr, mmx, sse, sse2, sse3, ssse3, sse4.1, sse4.2, popcnt, avx, avx2, aes, clmul, erms, lzcnt, ht, tsc, tscinvbit, bmi1, bmi2

Memory: 4k page, physical 4097100k(304912k free), swap 8193100k(4956k free)

vm_info: OpenJDK 64-Bit Server VM (25.242-b01) for windows-amd64 JRE (1.8.0_242-release-1644-b01), built by "builder" with MS VC++ 10.0 (VS2010)

time: Sat May 29 14:46:01 2021
timezone: SE Asia Standard Time
elapsed time: 177 seconds (0d 0h 2m 57s)

